/*C2*/SET SCHEMA PUBLIC
DISCONNECT
/*C4*/SET SCHEMA FACTURACION
DELETE FROM AUTOR WHERE OID='4028828683f19d090183f19e6fd70000'
INSERT INTO AUTOR VALUES('4028828683f19d090183f19e6fd70000','richi')
COMMIT
DELETE FROM AUTOR WHERE OID='ff80808183c20c0c0183c211dc850000'
INSERT INTO AUTOR VALUES('ff80808183c20c0c0183c211dc850000','bab bunny')
COMMIT
DELETE FROM AUTOR WHERE OID='4028098183b505ba0183b5071fe80002'
INSERT INTO AUTOR VALUES('4028098183b505ba0183b5071fe80002','pancho')
COMMIT
DELETE FROM CLIENTE WHERE NUMERO=1
INSERT INTO CLIENTE VALUES(1,'ortiz',1234,'Felipe carrillo pues','','hos')
COMMIT
DELETE FROM CLIENTE WHERE NUMERO=5
INSERT INTO CLIENTE VALUES(5,'jesus',1287,'Chunpon','Tizimin','tucanes')
COMMIT
DELETE FROM CLIENTE WHERE NUMERO=88
INSERT INTO CLIENTE VALUES(88,'Ricardo',7788,'Felipe carrillo puer','morelos','cecilio chi')
COMMIT
DELETE FROM CLIENTE WHERE NUMERO=50
INSERT INTO CLIENTE VALUES(50,'azucena',12345,'FELIPE ','CASA','hospital')
COMMIT
